7/26/2022, 4:43:15 PM - INFO - Server is running on port: 3030
7/26/2022, 4:44:11 PM - INFO - Server is running on port: 3030
7/26/2022, 4:48:54 PM - INFO - Req was made
7/26/2022, 4:48:54 PM - DEBUG - Getting Boards
7/26/2022, 4:54:23 PM - INFO - Server is running on port: 3030
7/26/2022, 4:54:29 PM - INFO - Server is running on port: 3030
7/26/2022, 4:54:36 PM - INFO - Server is running on port: 3030
7/26/2022, 4:54:37 PM - INFO - Server is running on port: 3030
7/26/2022, 4:54:41 PM - INFO - Server is running on port: 3030
7/26/2022, 4:54:43 PM - INFO - Server is running on port: 3030
7/26/2022, 4:54:45 PM - INFO - Server is running on port: 3030
7/26/2022, 4:59:32 PM - INFO - Server is running on port: 3030
7/26/2022, 10:34:56 PM - INFO - Req was made
7/26/2022, 10:34:56 PM - DEBUG - Getting Boards
7/26/2022, 10:39:02 PM - INFO - Req was made
7/26/2022, 10:39:02 PM - DEBUG - Getting Boards
7/26/2022, 10:49:13 PM - INFO - Req was made
7/26/2022, 10:49:13 PM - DEBUG - Getting Boards
7/26/2022, 10:49:13 PM - ERROR - while finding board MZR4qpHE | {}
7/26/2022, 10:49:13 PM - ERROR - Failed to get board | {}
7/26/2022, 10:49:26 PM - INFO - Req was made
7/26/2022, 10:49:26 PM - DEBUG - Getting Boards
7/26/2022, 10:49:26 PM - ERROR - while finding board MZR4qpHE | {}
7/26/2022, 10:49:26 PM - ERROR - Failed to get board | {}
7/26/2022, 10:49:29 PM - INFO - Req was made
7/26/2022, 10:49:29 PM - DEBUG - Getting Boards
7/26/2022, 10:50:22 PM - INFO - Req was made
7/26/2022, 10:50:22 PM - DEBUG - Getting Boards
7/26/2022, 10:51:27 PM - INFO - Server is running on port: 3030
7/26/2022, 10:51:35 PM - INFO - Req was made
7/26/2022, 10:51:35 PM - DEBUG - Getting Boards
7/26/2022, 10:52:25 PM - INFO - Req was made
7/26/2022, 10:52:25 PM - DEBUG - Getting Boards
7/26/2022, 10:52:30 PM - INFO - Req was made
7/26/2022, 10:52:30 PM - DEBUG - Getting Boards
7/26/2022, 10:52:41 PM - INFO - Req was made
7/26/2022, 10:52:41 PM - DEBUG - Getting Boards
7/26/2022, 10:52:42 PM - INFO - Req was made
7/26/2022, 10:52:42 PM - DEBUG - Getting Boards
7/26/2022, 10:52:45 PM - INFO - Req was made
7/26/2022, 10:52:45 PM - DEBUG - Getting Boards
7/26/2022, 10:56:08 PM - INFO - Server is running on port: 3030
7/26/2022, 10:56:10 PM - INFO - Server is running on port: 3030
7/26/2022, 10:56:31 PM - INFO - Server is running on port: 3030
7/26/2022, 10:56:33 PM - INFO - Server is running on port: 3030
7/26/2022, 10:56:35 PM - INFO - Server is running on port: 3030
7/26/2022, 10:56:42 PM - INFO - Server is running on port: 3030
7/26/2022, 10:57:19 PM - INFO - Server is running on port: 3030
7/26/2022, 10:57:42 PM - INFO - Server is running on port: 3030
7/26/2022, 10:57:46 PM - INFO - Server is running on port: 3030
7/26/2022, 10:57:50 PM - INFO - Server is running on port: 3030
7/26/2022, 10:57:54 PM - INFO - Server is running on port: 3030
7/26/2022, 10:58:48 PM - INFO - Server is running on port: 3030
7/26/2022, 10:59:00 PM - INFO - Server is running on port: 3030
7/26/2022, 10:59:39 PM - INFO - Server is running on port: 3030
7/26/2022, 11:00:49 PM - INFO - Server is running on port: 51
7/26/2022, 11:00:51 PM - INFO - Server is running on port: 5173
7/26/2022, 11:00:54 PM - INFO - Req was made
7/26/2022, 11:00:54 PM - DEBUG - Getting Boards
7/26/2022, 11:01:32 PM - INFO - Server is running on port: 5173
7/26/2022, 11:01:39 PM - INFO - Server is running on port: 5173
7/26/2022, 11:01:52 PM - ERROR - while finding board undefined | {}
7/26/2022, 11:01:52 PM - ERROR - Failed to get board | {}
7/26/2022, 11:01:55 PM - INFO - Req was made
7/26/2022, 11:01:55 PM - DEBUG - Getting Boards
7/26/2022, 11:02:28 PM - INFO - Req was made
7/26/2022, 11:02:28 PM - DEBUG - Getting Boards
7/26/2022, 11:03:35 PM - INFO - Req was made
7/26/2022, 11:03:35 PM - DEBUG - Getting Boards
7/26/2022, 11:03:43 PM - INFO - Req was made
7/26/2022, 11:03:43 PM - DEBUG - Getting Boards
7/26/2022, 11:04:11 PM - INFO - Server is running on port: 5173
7/26/2022, 11:04:26 PM - INFO - Server is running on port: 5173
7/26/2022, 11:04:29 PM - INFO - Req was made
7/26/2022, 11:04:29 PM - DEBUG - Getting Boards
7/26/2022, 11:04:34 PM - INFO - Server is running on port: 5173
7/26/2022, 11:04:35 PM - INFO - Server is running on port: 5173
7/26/2022, 11:04:38 PM - INFO - Server is running on port: 5173
7/26/2022, 11:04:38 PM - INFO - Req was made
7/26/2022, 11:04:38 PM - DEBUG - Getting Boards
7/26/2022, 11:04:46 PM - INFO - Server is running on port: 5173
7/26/2022, 11:04:50 PM - INFO - Server is running on port: 5173
7/26/2022, 11:04:50 PM - INFO - Req was made
7/26/2022, 11:04:50 PM - DEBUG - Getting Boards
7/26/2022, 11:05:18 PM - INFO - Server is running on port: 5173
7/26/2022, 11:05:20 PM - INFO - Req was made
7/26/2022, 11:05:20 PM - DEBUG - Getting Boards
7/26/2022, 11:09:03 PM - INFO - Server is running on port: 5173
7/26/2022, 11:09:56 PM - INFO - Server is running on port: 5173
7/26/2022, 11:09:58 PM - INFO - Server is running on port: 5173
7/26/2022, 11:10:01 PM - INFO - Server is running on port: 5173
7/26/2022, 11:10:08 PM - INFO - Server is running on port: 5173
7/26/2022, 11:10:11 PM - INFO - Req was made
7/26/2022, 11:10:11 PM - DEBUG - Getting Boards
7/26/2022, 11:10:33 PM - INFO - Req was made
7/26/2022, 11:10:33 PM - DEBUG - Getting Boards
7/26/2022, 11:10:43 PM - INFO - Req was made
7/26/2022, 11:10:43 PM - DEBUG - Getting Boards
7/26/2022, 11:10:47 PM - INFO - Req was made
7/26/2022, 11:10:47 PM - DEBUG - Getting Boards
7/26/2022, 11:11:05 PM - INFO - Req was made
7/26/2022, 11:11:05 PM - DEBUG - Getting Boards
7/26/2022, 11:11:14 PM - INFO - Server is running on port: 5173
7/26/2022, 11:11:32 PM - INFO - Server is running on port: 5173
7/26/2022, 11:12:39 PM - INFO - Req was made
7/26/2022, 11:12:39 PM - DEBUG - Getting Boards
7/26/2022, 11:12:43 PM - INFO - Req was made
7/26/2022, 11:12:43 PM - DEBUG - Getting Boards
7/26/2022, 11:13:13 PM - INFO - Server is running on port: 5173
7/26/2022, 11:13:29 PM - INFO - Server is running on port: 5173
7/26/2022, 11:13:35 PM - INFO - Req was made
7/26/2022, 11:13:35 PM - DEBUG - Getting Boards
7/26/2022, 11:14:16 PM - INFO - Req was made
7/26/2022, 11:14:16 PM - DEBUG - Getting Boards
7/26/2022, 11:14:18 PM - INFO - Req was made
7/26/2022, 11:14:18 PM - DEBUG - Getting Boards
7/26/2022, 11:14:24 PM - INFO - Req was made
7/26/2022, 11:14:24 PM - DEBUG - Getting Boards
7/26/2022, 11:16:07 PM - INFO - Req was made
7/26/2022, 11:16:07 PM - DEBUG - Getting Boards
7/26/2022, 11:16:11 PM - INFO - Req was made
7/26/2022, 11:16:11 PM - DEBUG - Getting Boards
7/26/2022, 11:17:05 PM - INFO - Req was made
7/26/2022, 11:17:05 PM - DEBUG - Getting Boards
7/26/2022, 11:17:14 PM - INFO - Req was made
7/26/2022, 11:17:14 PM - DEBUG - Getting Boards
7/26/2022, 11:17:25 PM - INFO - Req was made
7/26/2022, 11:17:25 PM - DEBUG - Getting Boards
7/26/2022, 11:17:29 PM - INFO - Req was made
7/26/2022, 11:17:29 PM - DEBUG - Getting Boards
7/26/2022, 11:17:34 PM - INFO - Req was made
7/26/2022, 11:17:34 PM - DEBUG - Getting Boards
7/26/2022, 11:17:40 PM - INFO - Req was made
7/26/2022, 11:17:40 PM - DEBUG - Getting Boards
7/26/2022, 11:18:28 PM - INFO - Req was made
7/26/2022, 11:18:28 PM - DEBUG - Getting Boards
7/26/2022, 11:18:37 PM - INFO - Req was made
7/26/2022, 11:18:37 PM - DEBUG - Getting Boards
7/26/2022, 11:19:06 PM - INFO - Req was made
7/26/2022, 11:19:06 PM - DEBUG - Getting Boards
7/26/2022, 11:19:14 PM - INFO - Req was made
7/26/2022, 11:19:14 PM - DEBUG - Getting Boards
7/26/2022, 11:20:05 PM - INFO - Req was made
7/26/2022, 11:20:05 PM - DEBUG - Getting Boards
7/26/2022, 11:20:08 PM - INFO - Req was made
7/26/2022, 11:20:08 PM - DEBUG - Getting Boards
7/26/2022, 11:21:13 PM - INFO - Req was made
7/26/2022, 11:21:13 PM - DEBUG - Getting Boards
7/26/2022, 11:21:19 PM - INFO - Req was made
7/26/2022, 11:21:19 PM - DEBUG - Getting Boards
7/26/2022, 11:21:33 PM - INFO - Req was made
7/26/2022, 11:21:33 PM - DEBUG - Getting Boards
7/26/2022, 11:21:37 PM - INFO - Req was made
7/26/2022, 11:21:37 PM - DEBUG - Getting Boards
7/26/2022, 11:22:11 PM - INFO - Req was made
7/26/2022, 11:22:11 PM - DEBUG - Getting Boards
7/26/2022, 11:22:15 PM - INFO - Req was made
7/26/2022, 11:22:15 PM - DEBUG - Getting Boards
7/26/2022, 11:23:36 PM - INFO - Req was made
7/26/2022, 11:23:36 PM - DEBUG - Getting Boards
7/26/2022, 11:24:02 PM - INFO - Req was made
7/26/2022, 11:24:02 PM - DEBUG - Getting Boards
7/26/2022, 11:24:08 PM - INFO - Req was made
7/26/2022, 11:24:08 PM - DEBUG - Getting Boards
7/26/2022, 11:24:39 PM - INFO - Req was made
7/26/2022, 11:24:39 PM - DEBUG - Getting Boards
7/26/2022, 11:25:10 PM - INFO - Server is running on port: 5173
7/26/2022, 11:25:12 PM - INFO - Server is running on port: 5173
7/26/2022, 11:26:10 PM - INFO - Server is running on port: 5173
7/26/2022, 11:26:16 PM - INFO - Req was made
7/26/2022, 11:26:16 PM - DEBUG - Getting Boards
7/26/2022, 11:26:17 PM - ERROR - cannot insert board | {"index":0,"code":11000,"keyPattern":{"_id":1},"keyValue":{"_id":""}}
7/26/2022, 11:26:17 PM - ERROR - Failed to add board | {"index":0,"code":11000,"keyPattern":{"_id":1},"keyValue":{"_id":""}}
7/26/2022, 11:26:37 PM - INFO - Server is running on port: 5173
7/26/2022, 11:26:41 PM - INFO - Req was made
7/26/2022, 11:26:41 PM - DEBUG - Getting Boards
7/26/2022, 11:26:41 PM - ERROR - cannot insert board | {"index":0,"code":11000,"keyPattern":{"_id":1},"keyValue":{"_id":""}}
7/26/2022, 11:26:41 PM - ERROR - Failed to add board | {"index":0,"code":11000,"keyPattern":{"_id":1},"keyValue":{"_id":""}}
7/26/2022, 11:26:54 PM - INFO - Server is running on port: 5173
7/26/2022, 11:27:00 PM - INFO - Req was made
7/26/2022, 11:27:00 PM - DEBUG - Getting Boards
7/26/2022, 11:27:00 PM - ERROR - cannot insert board | {"index":0,"code":11000,"keyPattern":{"_id":1},"keyValue":{"_id":""}}
7/26/2022, 11:27:00 PM - ERROR - Failed to add board | {"index":0,"code":11000,"keyPattern":{"_id":1},"keyValue":{"_id":""}}
7/26/2022, 11:27:26 PM - INFO - Server is running on port: 5173
7/26/2022, 11:27:32 PM - INFO - Req was made
7/26/2022, 11:27:32 PM - DEBUG - Getting Boards
7/26/2022, 11:28:39 PM - INFO - Req was made
7/26/2022, 11:28:39 PM - DEBUG - Getting Boards
7/26/2022, 11:28:39 PM - ERROR - cannot insert board | {"index":0,"code":11000,"keyPattern":{"_id":1},"keyValue":{"_id":""}}
7/26/2022, 11:28:39 PM - ERROR - Failed to add board | {"index":0,"code":11000,"keyPattern":{"_id":1},"keyValue":{"_id":""}}
7/26/2022, 11:29:12 PM - INFO - Req was made
7/26/2022, 11:29:12 PM - DEBUG - Getting Boards
7/26/2022, 11:29:15 PM - INFO - Req was made
7/26/2022, 11:29:15 PM - DEBUG - Getting Boards
7/26/2022, 11:29:15 PM - ERROR - cannot insert board | {"index":0,"code":11000,"keyPattern":{"_id":1},"keyValue":{"_id":""}}
7/26/2022, 11:29:15 PM - ERROR - Failed to add board | {"index":0,"code":11000,"keyPattern":{"_id":1},"keyValue":{"_id":""}}
7/26/2022, 11:30:15 PM - INFO - Req was made
7/26/2022, 11:30:15 PM - DEBUG - Getting Boards
7/26/2022, 11:30:18 PM - INFO - Req was made
7/26/2022, 11:30:18 PM - DEBUG - Getting Boards
7/26/2022, 11:30:18 PM - ERROR - while finding board undefined | {}
7/26/2022, 11:30:18 PM - ERROR - Failed to get board | {}
7/26/2022, 11:31:31 PM - INFO - Server is running on port: 5173
7/26/2022, 11:32:22 PM - INFO - Req was made
7/26/2022, 11:32:22 PM - DEBUG - Getting Boards
7/26/2022, 11:32:30 PM - INFO - Req was made
7/26/2022, 11:32:30 PM - DEBUG - Getting Boards
7/26/2022, 11:32:30 PM - ERROR - while finding board undefined | {}
7/26/2022, 11:32:30 PM - ERROR - Failed to get board | {}
7/26/2022, 11:32:36 PM - INFO - Req was made
7/26/2022, 11:32:36 PM - DEBUG - Getting Boards
7/26/2022, 11:33:10 PM - INFO - Server is running on port: 5173
7/27/2022, 12:27:29 AM - INFO - Server is running on port: 5173
7/27/2022, 12:29:21 AM - INFO - Req was made
7/27/2022, 12:29:21 AM - DEBUG - Getting Boards
7/27/2022, 12:29:24 AM - INFO - Req was made
7/27/2022, 12:29:24 AM - DEBUG - Getting Boards
7/27/2022, 12:29:28 AM - INFO - Req was made
7/27/2022, 12:29:28 AM - DEBUG - Getting Boards
7/27/2022, 12:29:28 AM - ERROR - while finding board undefined | {}
7/27/2022, 12:29:28 AM - ERROR - Failed to get board | {}
7/27/2022, 12:29:38 AM - INFO - Req was made
7/27/2022, 12:29:38 AM - DEBUG - Getting Boards
7/27/2022, 12:29:38 AM - ERROR - while finding board undefined | {}
7/27/2022, 12:29:38 AM - ERROR - Failed to get board | {}
7/27/2022, 12:30:01 AM - INFO - Req was made
7/27/2022, 12:30:01 AM - DEBUG - Getting Boards
7/27/2022, 12:30:01 AM - ERROR - while finding board undefined | {}
7/27/2022, 12:30:01 AM - ERROR - Failed to get board | {}
7/27/2022, 12:32:26 AM - INFO - Req was made
7/27/2022, 12:32:26 AM - DEBUG - Getting Boards
7/27/2022, 12:32:26 AM - ERROR - while finding board undefined | {}
7/27/2022, 12:32:26 AM - ERROR - Failed to get board | {}
7/27/2022, 12:32:31 AM - INFO - Req was made
7/27/2022, 12:32:31 AM - DEBUG - Getting Boards
7/27/2022, 12:32:31 AM - ERROR - while finding board undefined | {}
7/27/2022, 12:32:31 AM - ERROR - Failed to get board | {}
7/27/2022, 12:32:36 AM - INFO - Req was made
7/27/2022, 12:32:36 AM - DEBUG - Getting Boards
7/27/2022, 12:32:55 AM - INFO - Req was made
7/27/2022, 12:32:55 AM - DEBUG - Getting Boards
7/27/2022, 12:32:58 AM - INFO - Req was made
7/27/2022, 12:32:58 AM - DEBUG - Getting Boards
7/27/2022, 12:33:27 AM - INFO - Req was made
7/27/2022, 12:33:27 AM - DEBUG - Getting Boards
7/27/2022, 12:33:31 AM - INFO - Req was made
7/27/2022, 12:33:31 AM - DEBUG - Getting Boards
7/27/2022, 12:33:35 AM - INFO - Req was made
7/27/2022, 12:33:35 AM - DEBUG - Getting Boards
7/27/2022, 12:33:43 AM - INFO - Req was made
7/27/2022, 12:33:43 AM - DEBUG - Getting Boards
7/27/2022, 12:33:49 AM - INFO - Req was made
7/27/2022, 12:33:49 AM - DEBUG - Getting Boards
7/27/2022, 12:35:33 AM - INFO - Server is running on port: 5173
7/27/2022, 12:35:36 AM - INFO - Req was made
7/27/2022, 12:35:36 AM - DEBUG - Getting Boards
7/27/2022, 12:35:56 AM - INFO - Server is running on port: 5173
7/27/2022, 12:36:00 AM - INFO - Req was made
7/27/2022, 12:36:00 AM - DEBUG - Getting Boards
7/27/2022, 12:39:14 AM - INFO - Server is running on port: 5173
7/27/2022, 12:39:20 AM - INFO - Req was made
7/27/2022, 12:39:20 AM - DEBUG - Getting Boards
7/27/2022, 12:39:58 AM - INFO - Server is running on port: 5173
7/27/2022, 12:40:01 AM - INFO - Server is running on port: 5173
7/27/2022, 12:40:05 AM - INFO - Server is running on port: 5173
7/27/2022, 12:40:11 AM - INFO - Server is running on port: 5173
7/27/2022, 12:40:15 AM - INFO - Server is running on port: 5173
7/27/2022, 12:40:19 AM - INFO - Req was made
7/27/2022, 12:40:19 AM - DEBUG - Getting Boards
7/27/2022, 12:40:19 AM - ERROR - cannot insert board | {}
7/27/2022, 12:40:19 AM - ERROR - Failed to add board | {}
7/27/2022, 12:40:25 AM - INFO - Server is running on port: 5173
7/27/2022, 12:40:26 AM - INFO - Server is running on port: 5173
7/27/2022, 12:40:27 AM - INFO - Req was made
7/27/2022, 12:40:27 AM - DEBUG - Getting Boards
7/27/2022, 12:40:40 AM - INFO - Req was made
7/27/2022, 12:40:40 AM - DEBUG - Getting Boards
7/27/2022, 12:40:42 AM - INFO - Req was made
7/27/2022, 12:40:42 AM - DEBUG - Getting Boards
7/27/2022, 12:40:45 AM - INFO - Req was made
7/27/2022, 12:40:45 AM - DEBUG - Getting Boards
7/27/2022, 12:40:49 AM - INFO - Req was made
7/27/2022, 12:40:49 AM - DEBUG - Getting Boards
7/27/2022, 12:40:49 AM - ERROR - cannot insert board | {}
7/27/2022, 12:40:49 AM - ERROR - Failed to add board | {}
7/27/2022, 12:41:13 AM - INFO - Req was made
7/27/2022, 12:41:13 AM - DEBUG - Getting Boards
7/27/2022, 8:04:46 AM - INFO - Server is running on port: 5173
7/27/2022, 8:04:49 AM - INFO - Req was made
7/27/2022, 8:04:49 AM - DEBUG - Getting Boards
7/27/2022, 8:05:05 AM - INFO - Req was made
7/27/2022, 8:05:05 AM - DEBUG - Getting Boards
7/27/2022, 8:05:09 AM - INFO - Req was made
7/27/2022, 8:05:09 AM - DEBUG - Getting Boards
7/27/2022, 8:06:49 AM - INFO - Req was made
7/27/2022, 8:06:49 AM - DEBUG - Getting Boards
7/27/2022, 8:07:17 AM - INFO - Req was made
7/27/2022, 8:07:17 AM - DEBUG - Getting Boards
7/27/2022, 8:07:21 AM - INFO - Req was made
7/27/2022, 8:07:21 AM - DEBUG - Getting Boards
7/27/2022, 8:07:33 AM - INFO - Req was made
7/27/2022, 8:07:33 AM - DEBUG - Getting Boards
7/27/2022, 8:07:48 AM - INFO - Req was made
7/27/2022, 8:07:48 AM - DEBUG - Getting Boards
7/27/2022, 8:08:13 AM - INFO - Req was made
7/27/2022, 8:08:13 AM - DEBUG - Getting Boards
7/27/2022, 8:08:18 AM - INFO - Req was made
7/27/2022, 8:08:18 AM - DEBUG - Getting Boards
7/27/2022, 8:08:18 AM - ERROR - cannot insert board | {}
7/27/2022, 8:08:18 AM - ERROR - Failed to add board | {}
7/27/2022, 8:08:39 AM - INFO - Req was made
7/27/2022, 8:08:39 AM - DEBUG - Getting Boards
7/27/2022, 8:08:58 AM - INFO - Server is running on port: 5173
7/27/2022, 8:09:07 AM - INFO - Server is running on port: 5173
7/27/2022, 8:09:09 AM - INFO - Req was made
7/27/2022, 8:09:09 AM - DEBUG - Getting Boards
7/27/2022, 8:09:12 AM - INFO - Req was made
7/27/2022, 8:09:12 AM - DEBUG - Getting Boards
7/27/2022, 8:09:17 AM - INFO - Server is running on port: 5173
7/27/2022, 8:09:21 AM - ERROR - while finding board undefined | {}
7/27/2022, 8:09:21 AM - ERROR - Failed to get board | {}
7/27/2022, 8:09:25 AM - INFO - Req was made
7/27/2022, 8:09:25 AM - DEBUG - Getting Boards
7/27/2022, 8:09:29 AM - INFO - Req was made
7/27/2022, 8:09:29 AM - DEBUG - Getting Boards
7/27/2022, 8:09:45 AM - INFO - Req was made
7/27/2022, 8:09:45 AM - DEBUG - Getting Boards
7/27/2022, 8:09:47 AM - INFO - Req was made
7/27/2022, 8:09:47 AM - DEBUG - Getting Boards
7/27/2022, 8:10:03 AM - INFO - Req was made
7/27/2022, 8:10:03 AM - DEBUG - Getting Boards
7/27/2022, 8:10:07 AM - INFO - Req was made
7/27/2022, 8:10:07 AM - DEBUG - Getting Boards
7/27/2022, 8:11:42 AM - INFO - Req was made
7/27/2022, 8:11:42 AM - DEBUG - Getting Boards
7/27/2022, 8:12:12 AM - INFO - Req was made
7/27/2022, 8:12:12 AM - DEBUG - Getting Boards
7/27/2022, 8:12:15 AM - INFO - Req was made
7/27/2022, 8:12:15 AM - DEBUG - Getting Boards
7/27/2022, 8:12:25 AM - INFO - Req was made
7/27/2022, 8:12:25 AM - DEBUG - Getting Boards
7/27/2022, 8:13:57 AM - INFO - Req was made
7/27/2022, 8:13:57 AM - DEBUG - Getting Boards
7/27/2022, 8:15:48 AM - INFO - Req was made
7/27/2022, 8:15:48 AM - DEBUG - Getting Boards
7/27/2022, 8:21:38 AM - INFO - Req was made
7/27/2022, 8:21:38 AM - DEBUG - Getting Boards
7/27/2022, 8:23:03 AM - INFO - Req was made
7/27/2022, 8:23:03 AM - DEBUG - Getting Boards
7/27/2022, 8:23:19 AM - INFO - Req was made
7/27/2022, 8:23:19 AM - DEBUG - Getting Boards
7/27/2022, 8:23:31 AM - INFO - Req was made
7/27/2022, 8:23:31 AM - DEBUG - Getting Boards
7/27/2022, 8:23:53 AM - INFO - Req was made
7/27/2022, 8:23:53 AM - DEBUG - Getting Boards
7/27/2022, 8:27:49 AM - INFO - Req was made
7/27/2022, 8:27:50 AM - DEBUG - Getting Boards
7/27/2022, 8:29:54 AM - INFO - Req was made
7/27/2022, 8:29:54 AM - DEBUG - Getting Boards
7/27/2022, 8:32:27 AM - INFO - Req was made
7/27/2022, 8:32:27 AM - DEBUG - Getting Boards
7/27/2022, 8:32:51 AM - INFO - Req was made
7/27/2022, 8:32:51 AM - DEBUG - Getting Boards
7/27/2022, 8:32:59 AM - INFO - Req was made
7/27/2022, 8:32:59 AM - DEBUG - Getting Boards
7/27/2022, 8:34:36 AM - INFO - Req was made
7/27/2022, 8:34:36 AM - DEBUG - Getting Boards
7/27/2022, 8:35:19 AM - INFO - Req was made
7/27/2022, 8:35:19 AM - DEBUG - Getting Boards
7/27/2022, 8:43:00 AM - INFO - Req was made
7/27/2022, 8:43:00 AM - DEBUG - Getting Boards
7/27/2022, 8:43:41 AM - INFO - Req was made
7/27/2022, 8:43:41 AM - DEBUG - Getting Boards
7/27/2022, 8:45:50 AM - INFO - Req was made
7/27/2022, 8:45:50 AM - DEBUG - Getting Boards
7/27/2022, 8:46:34 AM - INFO - Req was made
7/27/2022, 8:46:34 AM - DEBUG - Getting Boards
7/27/2022, 8:51:08 AM - INFO - Req was made
7/27/2022, 8:51:08 AM - DEBUG - Getting Boards
7/27/2022, 8:55:48 AM - INFO - Req was made
7/27/2022, 8:55:48 AM - DEBUG - Getting Boards
7/27/2022, 8:57:11 AM - INFO - Req was made
7/27/2022, 8:57:11 AM - DEBUG - Getting Boards
7/27/2022, 9:11:47 AM - INFO - Req was made
7/27/2022, 9:11:47 AM - DEBUG - Getting Boards
7/27/2022, 9:15:11 AM - INFO - Req was made
7/27/2022, 9:15:11 AM - DEBUG - Getting Boards
7/27/2022, 9:16:43 AM - INFO - Req was made
7/27/2022, 9:16:43 AM - DEBUG - Getting Boards
7/27/2022, 9:17:31 AM - INFO - Req was made
7/27/2022, 9:17:31 AM - DEBUG - Getting Boards
7/27/2022, 9:21:30 AM - INFO - Req was made
7/27/2022, 9:21:30 AM - DEBUG - Getting Boards
7/27/2022, 9:23:39 AM - INFO - Req was made
7/27/2022, 9:23:39 AM - DEBUG - Getting Boards
7/27/2022, 9:23:49 AM - INFO - Req was made
7/27/2022, 9:23:49 AM - DEBUG - Getting Boards
7/27/2022, 9:29:49 AM - INFO - Req was made
7/27/2022, 9:29:49 AM - DEBUG - Getting Boards
7/27/2022, 9:32:44 AM - INFO - Req was made
7/27/2022, 9:32:44 AM - DEBUG - Getting Boards
7/27/2022, 9:38:09 AM - INFO - Req was made
7/27/2022, 9:38:09 AM - DEBUG - Getting Boards
7/27/2022, 9:40:48 AM - INFO - Req was made
7/27/2022, 9:40:48 AM - DEBUG - Getting Boards
7/27/2022, 9:42:41 AM - INFO - Req was made
7/27/2022, 9:42:41 AM - DEBUG - Getting Boards
7/27/2022, 9:45:39 AM - INFO - Req was made
7/27/2022, 9:45:39 AM - DEBUG - Getting Boards
7/27/2022, 9:45:47 AM - INFO - Req was made
7/27/2022, 9:45:47 AM - DEBUG - Getting Boards
7/27/2022, 9:48:20 AM - INFO - Req was made
7/27/2022, 9:48:20 AM - DEBUG - Getting Boards
7/27/2022, 9:48:45 AM - INFO - Req was made
7/27/2022, 9:48:45 AM - DEBUG - Getting Boards
7/27/2022, 9:50:51 AM - INFO - Req was made
7/27/2022, 9:50:51 AM - DEBUG - Getting Boards
7/27/2022, 9:52:05 AM - INFO - Req was made
7/27/2022, 9:52:05 AM - DEBUG - Getting Boards
7/27/2022, 9:52:40 AM - INFO - Req was made
7/27/2022, 9:52:40 AM - DEBUG - Getting Boards
7/27/2022, 10:02:16 AM - INFO - Req was made
7/27/2022, 10:02:16 AM - DEBUG - Getting Boards
7/27/2022, 10:03:08 AM - INFO - Req was made
7/27/2022, 10:03:08 AM - DEBUG - Getting Boards
7/27/2022, 10:03:34 AM - INFO - Req was made
7/27/2022, 10:03:34 AM - DEBUG - Getting Boards
7/27/2022, 10:05:31 AM - INFO - Req was made
7/27/2022, 10:05:31 AM - DEBUG - Getting Boards
<<<<<<< HEAD
7/27/2022, 4:09:56 PM - INFO - Server is running on port: 5173
7/27/2022, 4:20:46 PM - INFO - Server is running on port: 5173
7/27/2022, 4:24:05 PM - INFO - Server is running on port: 5173
7/27/2022, 4:24:17 PM - INFO - Server is running on port: 5173
7/27/2022, 4:24:47 PM - INFO - Server is running on port: 5173
7/27/2022, 4:30:02 PM - INFO - Req was made
7/27/2022, 4:30:02 PM - DEBUG - Getting Boards
7/27/2022, 4:30:16 PM - INFO - Req was made
7/27/2022, 4:30:16 PM - DEBUG - Getting Boards
7/27/2022, 4:30:24 PM - INFO - Req was made
7/27/2022, 4:30:24 PM - DEBUG - Getting Boards
7/27/2022, 4:30:47 PM - INFO - Req was made
7/27/2022, 4:30:47 PM - DEBUG - Getting Boards
7/27/2022, 4:30:59 PM - INFO - Req was made
7/27/2022, 4:30:59 PM - DEBUG - Getting Boards
7/27/2022, 4:31:59 PM - INFO - Req was made
7/27/2022, 4:31:59 PM - DEBUG - Getting Boards
=======
7/27/2022, 10:16:35 AM - INFO - Server is running on port: 5173
7/27/2022, 10:17:42 AM - INFO - Req was made
7/27/2022, 10:17:42 AM - DEBUG - Getting Boards
7/27/2022, 10:20:58 AM - INFO - Req was made
7/27/2022, 10:20:58 AM - DEBUG - Getting Boards
7/27/2022, 10:24:05 AM - INFO - Req was made
7/27/2022, 10:24:05 AM - DEBUG - Getting Boards
7/27/2022, 10:46:40 AM - INFO - Req was made
7/27/2022, 10:46:40 AM - DEBUG - Getting Boards
7/27/2022, 12:15:59 PM - INFO - Req was made
7/27/2022, 12:15:59 PM - DEBUG - Getting Boards
7/27/2022, 12:21:22 PM - INFO - Req was made
7/27/2022, 12:21:22 PM - DEBUG - Getting Boards
7/27/2022, 12:23:27 PM - INFO - Req was made
7/27/2022, 12:23:27 PM - DEBUG - Getting Boards
7/27/2022, 12:24:23 PM - INFO - Req was made
7/27/2022, 12:24:23 PM - DEBUG - Getting Boards
7/27/2022, 12:25:03 PM - INFO - Req was made
7/27/2022, 12:25:03 PM - DEBUG - Getting Boards
7/27/2022, 12:25:28 PM - INFO - Req was made
7/27/2022, 12:25:28 PM - DEBUG - Getting Boards
7/27/2022, 12:25:57 PM - INFO - Req was made
7/27/2022, 12:25:57 PM - DEBUG - Getting Boards
7/27/2022, 12:29:58 PM - INFO - Req was made
7/27/2022, 12:29:58 PM - DEBUG - Getting Boards
7/27/2022, 1:23:12 PM - INFO - Server is running on port: 5173
7/27/2022, 1:23:26 PM - INFO - Server is running on port: 5173
7/27/2022, 1:25:09 PM - INFO - Req was made
7/27/2022, 1:25:09 PM - DEBUG - Getting Boards
7/27/2022, 1:28:49 PM - INFO - Req was made
7/27/2022, 1:28:49 PM - DEBUG - Getting Boards
7/27/2022, 2:59:19 PM - INFO - Req was made
7/27/2022, 2:59:19 PM - DEBUG - Getting Boards
7/27/2022, 3:27:15 PM - INFO - Req was made
7/27/2022, 3:27:15 PM - DEBUG - Getting Boards
7/27/2022, 3:38:22 PM - INFO - Req was made
7/27/2022, 3:38:22 PM - DEBUG - Getting Boards
7/27/2022, 3:39:05 PM - INFO - Req was made
7/27/2022, 3:39:05 PM - DEBUG - Getting Boards
7/27/2022, 3:39:54 PM - INFO - Req was made
7/27/2022, 3:39:54 PM - DEBUG - Getting Boards
7/27/2022, 3:41:39 PM - INFO - Req was made
7/27/2022, 3:41:39 PM - DEBUG - Getting Boards
7/27/2022, 3:43:12 PM - INFO - Req was made
7/27/2022, 3:43:12 PM - DEBUG - Getting Boards
7/27/2022, 3:43:14 PM - INFO - Req was made
7/27/2022, 3:43:14 PM - DEBUG - Getting Boards
7/27/2022, 3:43:17 PM - INFO - Req was made
7/27/2022, 3:43:17 PM - DEBUG - Getting Boards
7/27/2022, 3:43:25 PM - INFO - Req was made
7/27/2022, 3:43:25 PM - DEBUG - Getting Boards
7/27/2022, 3:43:52 PM - INFO - Req was made
7/27/2022, 3:43:52 PM - DEBUG - Getting Boards
7/27/2022, 3:43:58 PM - INFO - Req was made
7/27/2022, 3:43:58 PM - DEBUG - Getting Boards
7/27/2022, 3:44:01 PM - INFO - Req was made
7/27/2022, 3:44:01 PM - DEBUG - Getting Boards
7/27/2022, 3:44:54 PM - INFO - Req was made
7/27/2022, 3:44:54 PM - DEBUG - Getting Boards
7/27/2022, 3:45:03 PM - INFO - Req was made
7/27/2022, 3:45:03 PM - DEBUG - Getting Boards
7/27/2022, 3:45:36 PM - INFO - Req was made
7/27/2022, 3:45:36 PM - DEBUG - Getting Boards
7/27/2022, 3:46:15 PM - INFO - Req was made
7/27/2022, 3:46:15 PM - DEBUG - Getting Boards
7/27/2022, 3:46:45 PM - INFO - Req was made
7/27/2022, 3:46:45 PM - DEBUG - Getting Boards
7/27/2022, 3:46:55 PM - INFO - Req was made
7/27/2022, 3:46:55 PM - DEBUG - Getting Boards
7/27/2022, 3:49:09 PM - INFO - Req was made
7/27/2022, 3:49:09 PM - DEBUG - Getting Boards
7/27/2022, 3:50:25 PM - INFO - Req was made
7/27/2022, 3:50:25 PM - DEBUG - Getting Boards
7/27/2022, 3:50:35 PM - INFO - Req was made
7/27/2022, 3:50:35 PM - DEBUG - Getting Boards
7/27/2022, 3:51:27 PM - INFO - Req was made
7/27/2022, 3:51:27 PM - DEBUG - Getting Boards
7/27/2022, 3:52:28 PM - INFO - Req was made
7/27/2022, 3:52:28 PM - DEBUG - Getting Boards
7/27/2022, 3:58:30 PM - INFO - Req was made
7/27/2022, 3:58:30 PM - DEBUG - Getting Boards
7/27/2022, 4:20:11 PM - INFO - Req was made
7/27/2022, 4:20:11 PM - DEBUG - Getting Boards
7/27/2022, 4:22:51 PM - INFO - Server is running on port: 5173
7/27/2022, 4:22:56 PM - INFO - Req was made
7/27/2022, 4:22:56 PM - DEBUG - Getting Boards
7/27/2022, 4:23:19 PM - INFO - Req was made
7/27/2022, 4:23:19 PM - DEBUG - Getting Boards
7/27/2022, 4:30:19 PM - INFO - Req was made
7/27/2022, 4:30:19 PM - DEBUG - Getting Boards
7/27/2022, 4:30:42 PM - INFO - Req was made
7/27/2022, 4:30:42 PM - DEBUG - Getting Boards
7/27/2022, 4:30:59 PM - INFO - Req was made
7/27/2022, 4:30:59 PM - DEBUG - Getting Boards
7/27/2022, 4:31:33 PM - INFO - Req was made
7/27/2022, 4:31:33 PM - DEBUG - Getting Boards
7/27/2022, 4:31:48 PM - INFO - Req was made
7/27/2022, 4:31:48 PM - DEBUG - Getting Boards
7/27/2022, 4:31:54 PM - INFO - Req was made
7/27/2022, 4:31:54 PM - DEBUG - Getting Boards
7/27/2022, 4:32:00 PM - INFO - Req was made
7/27/2022, 4:32:00 PM - DEBUG - Getting Boards
>>>>>>> 5154207dade621cd5ce7ae379c1258bd911b9c31
7/27/2022, 4:40:18 PM - INFO - Server is running on port: 5173
7/27/2022, 4:40:43 PM - INFO - Req was made
7/27/2022, 4:40:43 PM - DEBUG - Getting Boards
7/27/2022, 4:52:23 PM - INFO - Server is running on port: 5173
7/27/2022, 4:52:38 PM - INFO - Req was made
7/27/2022, 4:52:38 PM - DEBUG - Getting Boards
7/27/2022, 5:17:25 PM - INFO - Server is running on port: 5173
7/27/2022, 5:17:52 PM - INFO - Req was made
7/27/2022, 5:17:52 PM - DEBUG - Getting Boards
7/27/2022, 5:43:33 PM - INFO - Req was made
7/27/2022, 5:43:33 PM - DEBUG - Getting Boards
7/27/2022, 5:45:34 PM - INFO - Req was made
7/27/2022, 5:45:34 PM - DEBUG - Getting Boards
7/27/2022, 5:45:44 PM - INFO - Req was made
7/27/2022, 5:45:44 PM - DEBUG - Getting Boards
7/27/2022, 5:45:46 PM - INFO - Req was made
7/27/2022, 5:45:46 PM - DEBUG - Getting Boards
7/27/2022, 5:45:48 PM - INFO - Req was made
7/27/2022, 5:45:48 PM - DEBUG - Getting Boards
7/27/2022, 5:45:52 PM - INFO - Req was made
7/27/2022, 5:45:52 PM - DEBUG - Getting Boards
7/27/2022, 5:45:56 PM - INFO - Req was made
7/27/2022, 5:45:56 PM - DEBUG - Getting Boards
7/27/2022, 5:46:00 PM - INFO - Req was made
7/27/2022, 5:46:00 PM - DEBUG - Getting Boards
7/27/2022, 5:46:05 PM - INFO - Req was made
7/27/2022, 5:46:05 PM - DEBUG - Getting Boards
7/27/2022, 5:46:08 PM - INFO - Req was made
7/27/2022, 5:46:08 PM - DEBUG - Getting Boards
7/27/2022, 5:46:10 PM - INFO - Req was made
7/27/2022, 5:46:10 PM - DEBUG - Getting Boards
7/27/2022, 5:46:11 PM - INFO - Req was made
7/27/2022, 5:46:11 PM - DEBUG - Getting Boards
7/27/2022, 5:46:13 PM - INFO - Req was made
7/27/2022, 5:46:13 PM - DEBUG - Getting Boards
7/27/2022, 6:35:33 PM - INFO - Server is running on port: 5173
7/27/2022, 6:38:03 PM - INFO - Server is running on port: 5173
7/27/2022, 6:38:29 PM - INFO - Req was made
7/27/2022, 6:38:29 PM - DEBUG - Getting Boards
7/27/2022, 6:38:38 PM - INFO - Req was made
7/27/2022, 6:38:38 PM - DEBUG - Getting Boards
7/27/2022, 6:38:57 PM - INFO - Req was made
7/27/2022, 6:38:57 PM - DEBUG - Getting Boards
7/27/2022, 6:39:31 PM - INFO - Req was made
7/27/2022, 6:39:31 PM - DEBUG - Getting Boards
7/27/2022, 6:39:31 PM - ERROR - Failed to update board | {}
7/27/2022, 6:39:40 PM - ERROR - while finding board L5bjj3zZ | {}
7/27/2022, 6:39:40 PM - ERROR - Failed to get board | {}
7/27/2022, 6:40:16 PM - INFO - Req was made
7/27/2022, 6:40:16 PM - DEBUG - Getting Boards
7/27/2022, 6:40:16 PM - ERROR - Failed to update board | {}
7/27/2022, 6:40:18 PM - ERROR - while finding board C7L6d7KZ | {}
7/27/2022, 6:40:18 PM - ERROR - Failed to get board | {}
7/27/2022, 6:40:30 PM - ERROR - while finding board C7L6d7KZ | {}
7/27/2022, 6:40:30 PM - ERROR - Failed to get board | {}
7/27/2022, 6:40:35 PM - INFO - Req was made
7/27/2022, 6:40:35 PM - DEBUG - Getting Boards
7/27/2022, 6:40:45 PM - INFO - Req was made
7/27/2022, 6:40:45 PM - DEBUG - Getting Boards
7/27/2022, 6:40:45 PM - ERROR - Failed to update board | {}
7/27/2022, 6:43:04 PM - INFO - Req was made
7/27/2022, 6:43:04 PM - DEBUG - Getting Boards
7/27/2022, 6:43:13 PM - INFO - Req was made
7/27/2022, 6:43:13 PM - DEBUG - Getting Boards
7/27/2022, 6:43:25 PM - INFO - Req was made
7/27/2022, 6:43:25 PM - DEBUG - Getting Boards
7/27/2022, 7:11:22 PM - INFO - Server is running on port: 5173
7/27/2022, 7:11:27 PM - INFO - Req was made
7/27/2022, 7:11:27 PM - DEBUG - Getting Boards
7/27/2022, 7:11:34 PM - INFO - Req was made
7/27/2022, 7:11:34 PM - DEBUG - Getting Boards
7/27/2022, 7:11:40 PM - INFO - Req was made
7/27/2022, 7:11:40 PM - DEBUG - Getting Boards
7/27/2022, 7:20:38 PM - INFO - Req was made
7/27/2022, 7:20:38 PM - DEBUG - Getting Boards
7/27/2022, 7:21:03 PM - INFO - Req was made
7/27/2022, 7:21:03 PM - DEBUG - Getting Boards
7/27/2022, 7:21:48 PM - INFO - Req was made
7/27/2022, 7:21:48 PM - DEBUG - Getting Boards
7/27/2022, 7:21:55 PM - INFO - Req was made
7/27/2022, 7:21:55 PM - DEBUG - Getting Boards
7/27/2022, 7:25:37 PM - INFO - Req was made
7/27/2022, 7:25:37 PM - DEBUG - Getting Boards
7/27/2022, 7:40:09 PM - INFO - Req was made
7/27/2022, 7:40:09 PM - DEBUG - Getting Boards
7/27/2022, 7:40:20 PM - INFO - Req was made
7/27/2022, 7:40:20 PM - DEBUG - Getting Boards
7/27/2022, 7:40:45 PM - INFO - Req was made
7/27/2022, 7:40:45 PM - DEBUG - Getting Boards
7/27/2022, 8:25:07 PM - INFO - Req was made
7/27/2022, 8:25:07 PM - DEBUG - Getting Boards
7/27/2022, 8:25:19 PM - ERROR - while finding board undefined | {}
7/27/2022, 8:25:19 PM - ERROR - Failed to get board | {}
7/27/2022, 8:26:44 PM - INFO - Req was made
7/27/2022, 8:26:44 PM - DEBUG - Getting Boards
7/27/2022, 8:27:13 PM - INFO - Req was made
7/27/2022, 8:27:13 PM - DEBUG - Getting Boards
7/27/2022, 8:27:28 PM - ERROR - while finding board undefined | {}
7/27/2022, 8:27:28 PM - ERROR - Failed to get board | {}
7/27/2022, 8:30:24 PM - INFO - Req was made
7/27/2022, 8:30:24 PM - DEBUG - Getting Boards
7/27/2022, 8:30:55 PM - INFO - Req was made
7/27/2022, 8:30:55 PM - DEBUG - Getting Boards
7/27/2022, 8:51:36 PM - INFO - Req was made
7/27/2022, 8:51:36 PM - DEBUG - Getting Boards
7/27/2022, 8:51:45 PM - INFO - Req was made
7/27/2022, 8:51:45 PM - DEBUG - Getting Boards
7/27/2022, 8:53:50 PM - INFO - Req was made
7/27/2022, 8:53:50 PM - DEBUG - Getting Boards
7/27/2022, 8:54:17 PM - INFO - Req was made
7/27/2022, 8:54:17 PM - DEBUG - Getting Boards
7/27/2022, 8:54:28 PM - INFO - Req was made
7/27/2022, 8:54:28 PM - DEBUG - Getting Boards
7/27/2022, 8:55:16 PM - INFO - Req was made
7/27/2022, 8:55:16 PM - DEBUG - Getting Boards
7/27/2022, 8:55:32 PM - INFO - Req was made
7/27/2022, 8:55:32 PM - DEBUG - Getting Boards
7/27/2022, 8:56:01 PM - INFO - Req was made
7/27/2022, 8:56:01 PM - DEBUG - Getting Boards
7/27/2022, 8:56:11 PM - INFO - Req was made
7/27/2022, 8:56:11 PM - DEBUG - Getting Boards
7/27/2022, 8:56:21 PM - INFO - Req was made
7/27/2022, 8:56:21 PM - DEBUG - Getting Boards
7/27/2022, 8:56:27 PM - INFO - Req was made
7/27/2022, 8:56:27 PM - DEBUG - Getting Boards
7/27/2022, 8:57:26 PM - INFO - Req was made
7/27/2022, 8:57:26 PM - DEBUG - Getting Boards
7/27/2022, 8:57:27 PM - INFO - Req was made
7/27/2022, 8:57:27 PM - DEBUG - Getting Boards
7/27/2022, 9:31:02 PM - INFO - Server is running on port: 5173
7/27/2022, 9:31:09 PM - INFO - Req was made
7/27/2022, 9:31:09 PM - DEBUG - Getting Boards
7/27/2022, 9:40:11 PM - INFO - Req was made
7/27/2022, 9:40:11 PM - DEBUG - Getting Boards
7/27/2022, 9:44:54 PM - INFO - Req was made
7/27/2022, 9:44:54 PM - DEBUG - Getting Boards
7/27/2022, 9:45:02 PM - INFO - Req was made
7/27/2022, 9:45:02 PM - DEBUG - Getting Boards
7/27/2022, 9:45:12 PM - INFO - Req was made
7/27/2022, 9:45:12 PM - DEBUG - Getting Boards
7/27/2022, 9:52:39 PM - INFO - Req was made
7/27/2022, 9:52:39 PM - DEBUG - Getting Boards
7/27/2022, 9:52:50 PM - ERROR - while finding board undefined | {}
7/27/2022, 9:52:50 PM - ERROR - Failed to get board | {}
7/27/2022, 9:52:53 PM - INFO - Req was made
7/27/2022, 9:52:53 PM - DEBUG - Getting Boards
7/27/2022, 9:53:18 PM - ERROR - while finding board undefined | {}
7/27/2022, 9:53:18 PM - ERROR - Failed to get board | {}
7/27/2022, 9:54:06 PM - INFO - Req was made
7/27/2022, 9:54:06 PM - DEBUG - Getting Boards
7/27/2022, 9:54:15 PM - ERROR - while finding board undefined | {}
7/27/2022, 9:54:15 PM - ERROR - Failed to get board | {}
7/27/2022, 9:54:17 PM - INFO - Req was made
7/27/2022, 9:54:17 PM - DEBUG - Getting Boards
7/27/2022, 9:54:51 PM - ERROR - while finding board undefined | {}
7/27/2022, 9:54:51 PM - ERROR - Failed to get board | {}
7/27/2022, 9:54:53 PM - INFO - Req was made
7/27/2022, 9:54:53 PM - DEBUG - Getting Boards
7/27/2022, 9:54:55 PM - INFO - Req was made
7/27/2022, 9:54:55 PM - DEBUG - Getting Boards
7/27/2022, 9:56:39 PM - ERROR - while finding board undefined | {}
7/27/2022, 9:56:39 PM - ERROR - Failed to get board | {}
7/27/2022, 9:56:40 PM - INFO - Req was made
7/27/2022, 9:56:40 PM - DEBUG - Getting Boards
7/27/2022, 9:58:06 PM - ERROR - while finding board undefined | {}
7/27/2022, 9:58:06 PM - ERROR - Failed to get board | {}
7/27/2022, 10:05:25 PM - INFO - Req was made
7/27/2022, 10:05:25 PM - DEBUG - Getting Boards
7/27/2022, 10:05:31 PM - INFO - Req was made
7/27/2022, 10:05:31 PM - DEBUG - Getting Boards
7/27/2022, 10:06:20 PM - INFO - Req was made
7/27/2022, 10:06:20 PM - DEBUG - Getting Boards
7/27/2022, 10:07:37 PM - INFO - Req was made
7/27/2022, 10:07:37 PM - DEBUG - Getting Boards
7/27/2022, 10:07:46 PM - ERROR - while finding board undefined | {}
7/27/2022, 10:07:46 PM - ERROR - Failed to get board | {}
7/27/2022, 10:08:43 PM - INFO - Req was made
7/27/2022, 10:08:43 PM - DEBUG - Getting Boards
7/27/2022, 10:08:43 PM - INFO - Req was made
7/27/2022, 10:08:43 PM - DEBUG - Getting Boards
7/27/2022, 10:08:51 PM - ERROR - while finding board undefined | {}
7/27/2022, 10:08:51 PM - ERROR - Failed to get board | {}
7/27/2022, 10:09:05 PM - ERROR - while finding board undefined | {}
7/27/2022, 10:09:05 PM - ERROR - Failed to get board | {}
7/27/2022, 10:09:10 PM - INFO - Req was made
7/27/2022, 10:09:10 PM - DEBUG - Getting Boards
7/27/2022, 10:09:34 PM - INFO - Req was made
7/27/2022, 10:09:34 PM - DEBUG - Getting Boards
7/27/2022, 10:18:01 PM - INFO - Server is running on port: 5173
7/27/2022, 10:22:51 PM - INFO - Req was made
7/27/2022, 10:22:51 PM - DEBUG - Getting Boards
7/27/2022, 10:22:59 PM - ERROR - while finding board undefined | {}
7/27/2022, 10:22:59 PM - ERROR - Failed to get board | {}
7/27/2022, 10:23:01 PM - INFO - Req was made
7/27/2022, 10:23:01 PM - DEBUG - Getting Boards
7/27/2022, 10:25:31 PM - INFO - Req was made
7/27/2022, 10:25:31 PM - DEBUG - Getting Boards
7/27/2022, 10:25:31 PM - INFO - Req was made
7/27/2022, 10:25:31 PM - DEBUG - Getting Boards
7/27/2022, 10:25:36 PM - INFO - Req was made
7/27/2022, 10:25:36 PM - DEBUG - Getting Boards
7/27/2022, 10:25:40 PM - INFO - Req was made
7/27/2022, 10:25:40 PM - DEBUG - Getting Boards
7/27/2022, 10:25:43 PM - ERROR - while finding board undefined | {}
7/27/2022, 10:25:43 PM - ERROR - Failed to get board | {}
7/27/2022, 10:25:44 PM - INFO - Req was made
7/27/2022, 10:25:44 PM - DEBUG - Getting Boards
7/27/2022, 10:26:00 PM - INFO - Req was made
7/27/2022, 10:26:00 PM - DEBUG - Getting Boards
7/27/2022, 10:26:15 PM - INFO - Req was made
7/27/2022, 10:26:15 PM - DEBUG - Getting Boards
7/27/2022, 10:26:16 PM - INFO - Req was made
7/27/2022, 10:26:16 PM - DEBUG - Getting Boards
7/27/2022, 10:27:48 PM - INFO - Req was made
7/27/2022, 10:27:48 PM - DEBUG - Getting Boards
7/27/2022, 10:27:52 PM - INFO - Req was made
7/27/2022, 10:27:52 PM - DEBUG - Getting Boards
7/27/2022, 10:28:00 PM - ERROR - while finding board undefined | {}
7/27/2022, 10:28:00 PM - ERROR - Failed to get board | {}
7/27/2022, 10:28:17 PM - INFO - Req was made
7/27/2022, 10:28:17 PM - DEBUG - Getting Boards
7/27/2022, 10:28:24 PM - ERROR - while finding board undefined | {}
7/27/2022, 10:28:24 PM - ERROR - Failed to get board | {}
7/27/2022, 10:28:26 PM - INFO - Req was made
7/27/2022, 10:28:26 PM - DEBUG - Getting Boards
7/27/2022, 10:28:41 PM - INFO - Req was made
7/27/2022, 10:28:41 PM - DEBUG - Getting Boards
7/27/2022, 10:28:41 PM - INFO - Req was made
7/27/2022, 10:28:41 PM - DEBUG - Getting Boards
7/27/2022, 10:29:47 PM - INFO - Req was made
7/27/2022, 10:29:47 PM - DEBUG - Getting Boards
7/27/2022, 10:29:47 PM - INFO - Req was made
7/27/2022, 10:29:47 PM - DEBUG - Getting Boards
7/27/2022, 10:31:17 PM - INFO - Req was made
7/27/2022, 10:31:17 PM - DEBUG - Getting Boards
7/27/2022, 10:31:17 PM - ERROR - while finding board undefined | {}
7/27/2022, 10:31:17 PM - ERROR - Failed to get board | {}
7/27/2022, 10:31:19 PM - INFO - Req was made
7/27/2022, 10:31:19 PM - DEBUG - Getting Boards
7/27/2022, 10:31:28 PM - INFO - Req was made
7/27/2022, 10:31:28 PM - DEBUG - Getting Boards
7/27/2022, 10:34:21 PM - INFO - Server is running on port: 5173
7/27/2022, 10:34:45 PM - INFO - Req was made
7/27/2022, 10:34:45 PM - DEBUG - Getting Boards
7/27/2022, 10:34:45 PM - INFO - Req was made
7/27/2022, 10:34:45 PM - DEBUG - Getting Boards
7/27/2022, 10:35:45 PM - INFO - Req was made
7/27/2022, 10:35:45 PM - DEBUG - Getting Boards
7/27/2022, 10:35:45 PM - INFO - Req was made
7/27/2022, 10:35:45 PM - DEBUG - Getting Boards
7/27/2022, 10:50:30 PM - INFO - Req was made
7/27/2022, 10:50:30 PM - DEBUG - Getting Boards
7/27/2022, 10:50:30 PM - INFO - Req was made
7/27/2022, 10:50:30 PM - DEBUG - Getting Boards
7/27/2022, 10:50:41 PM - INFO - Req was made
7/27/2022, 10:50:41 PM - DEBUG - Getting Boards
7/27/2022, 10:50:43 PM - INFO - Req was made
7/27/2022, 10:50:43 PM - DEBUG - Getting Boards
7/27/2022, 10:50:49 PM - INFO - Req was made
7/27/2022, 10:50:49 PM - DEBUG - Getting Boards
7/27/2022, 10:50:57 PM - INFO - Req was made
7/27/2022, 10:50:57 PM - DEBUG - Getting Boards
7/27/2022, 10:51:22 PM - INFO - Req was made
7/27/2022, 10:51:22 PM - DEBUG - Getting Boards
7/27/2022, 10:51:24 PM - INFO - Req was made
7/27/2022, 10:51:24 PM - DEBUG - Getting Boards
7/27/2022, 10:52:17 PM - INFO - Req was made
7/27/2022, 10:52:17 PM - DEBUG - Getting Boards
7/27/2022, 10:52:17 PM - INFO - Req was made
7/27/2022, 10:52:17 PM - DEBUG - Getting Boards
7/27/2022, 10:52:38 PM - INFO - Req was made
7/27/2022, 10:52:38 PM - DEBUG - Getting Boards
7/27/2022, 10:52:38 PM - INFO - Req was made
7/27/2022, 10:52:38 PM - DEBUG - Getting Boards
7/27/2022, 10:52:48 PM - INFO - Req was made
7/27/2022, 10:52:48 PM - DEBUG - Getting Boards
7/27/2022, 10:52:51 PM - INFO - Req was made
7/27/2022, 10:52:51 PM - DEBUG - Getting Boards
7/27/2022, 10:52:52 PM - ERROR - while finding board undefined | {}
7/27/2022, 10:52:52 PM - ERROR - Failed to get board | {}
7/27/2022, 10:52:56 PM - INFO - Req was made
7/27/2022, 10:52:56 PM - DEBUG - Getting Boards
7/27/2022, 10:52:58 PM - ERROR - while finding board undefined | {}
7/27/2022, 10:52:58 PM - ERROR - Failed to get board | {}
7/27/2022, 10:52:59 PM - INFO - Req was made
7/27/2022, 10:52:59 PM - DEBUG - Getting Boards
7/27/2022, 10:53:02 PM - ERROR - while finding board undefined | {}
7/27/2022, 10:53:02 PM - ERROR - Failed to get board | {}
7/27/2022, 10:53:03 PM - INFO - Req was made
7/27/2022, 10:53:03 PM - DEBUG - Getting Boards
7/27/2022, 10:53:07 PM - INFO - Req was made
7/27/2022, 10:53:07 PM - DEBUG - Getting Boards
7/27/2022, 10:53:55 PM - INFO - Req was made
7/27/2022, 10:53:55 PM - DEBUG - Getting Boards
7/27/2022, 10:53:55 PM - INFO - Req was made
7/27/2022, 10:53:55 PM - DEBUG - Getting Boards
7/27/2022, 10:54:07 PM - INFO - Req was made
7/27/2022, 10:54:07 PM - DEBUG - Getting Boards
7/27/2022, 10:54:09 PM - INFO - Req was made
7/27/2022, 10:54:09 PM - DEBUG - Getting Boards
7/27/2022, 10:54:17 PM - ERROR - while finding board undefined | {}
7/27/2022, 10:54:17 PM - ERROR - Failed to get board | {}
7/27/2022, 10:54:21 PM - INFO - Req was made
7/27/2022, 10:54:21 PM - DEBUG - Getting Boards
7/27/2022, 10:54:22 PM - ERROR - while finding board undefined | {}
7/27/2022, 10:54:22 PM - ERROR - Failed to get board | {}
7/27/2022, 10:54:23 PM - INFO - Req was made
7/27/2022, 10:54:23 PM - DEBUG - Getting Boards
7/27/2022, 10:54:42 PM - INFO - Req was made
7/27/2022, 10:54:42 PM - DEBUG - Getting Boards
7/27/2022, 10:54:42 PM - INFO - Req was made
7/27/2022, 10:54:42 PM - DEBUG - Getting Boards
7/27/2022, 10:54:47 PM - INFO - Req was made
7/27/2022, 10:54:47 PM - DEBUG - Getting Boards
7/27/2022, 10:54:47 PM - INFO - Req was made
7/27/2022, 10:54:47 PM - DEBUG - Getting Boards
7/27/2022, 10:55:06 PM - ERROR - while finding board undefined | {}
7/27/2022, 10:55:06 PM - ERROR - Failed to get board | {}
7/27/2022, 10:55:08 PM - INFO - Req was made
7/27/2022, 10:55:08 PM - DEBUG - Getting Boards
7/27/2022, 10:55:11 PM - INFO - Req was made
7/27/2022, 10:55:11 PM - DEBUG - Getting Boards
7/27/2022, 10:56:33 PM - INFO - Req was made
7/27/2022, 10:56:33 PM - DEBUG - Getting Boards
7/27/2022, 10:56:33 PM - INFO - Req was made
7/27/2022, 10:56:33 PM - DEBUG - Getting Boards
7/27/2022, 10:57:32 PM - INFO - Req was made
7/27/2022, 10:57:32 PM - DEBUG - Getting Boards
7/27/2022, 10:57:32 PM - INFO - Req was made
7/27/2022, 10:57:32 PM - DEBUG - Getting Boards
7/27/2022, 10:59:12 PM - INFO - Req was made
7/27/2022, 10:59:12 PM - DEBUG - Getting Boards
7/27/2022, 10:59:24 PM - INFO - Req was made
7/27/2022, 10:59:24 PM - DEBUG - Getting Boards
7/27/2022, 10:59:28 PM - INFO - Req was made
7/27/2022, 10:59:28 PM - DEBUG - Getting Boards
7/27/2022, 10:59:46 PM - INFO - Req was made
7/27/2022, 10:59:46 PM - DEBUG - Getting Boards
7/27/2022, 11:03:03 PM - INFO - Req was made
7/27/2022, 11:03:03 PM - DEBUG - Getting Boards
7/27/2022, 11:03:03 PM - INFO - Req was made
7/27/2022, 11:03:03 PM - DEBUG - Getting Boards
7/27/2022, 11:03:10 PM - ERROR - while finding board undefined | {}
7/27/2022, 11:03:10 PM - ERROR - Failed to get board | {}
7/27/2022, 11:03:25 PM - INFO - Req was made
7/27/2022, 11:03:25 PM - DEBUG - Getting Boards
7/27/2022, 11:03:28 PM - ERROR - while finding board undefined | {}
7/27/2022, 11:03:28 PM - ERROR - Failed to get board | {}
7/27/2022, 11:03:29 PM - INFO - Req was made
7/27/2022, 11:03:29 PM - DEBUG - Getting Boards
7/27/2022, 11:03:42 PM - INFO - Req was made
7/27/2022, 11:03:42 PM - DEBUG - Getting Boards
7/27/2022, 11:07:15 PM - INFO - Req was made
7/27/2022, 11:07:15 PM - DEBUG - Getting Boards
7/27/2022, 11:07:18 PM - INFO - Req was made
7/27/2022, 11:07:18 PM - DEBUG - Getting Boards
7/27/2022, 11:07:54 PM - INFO - Req was made
7/27/2022, 11:07:54 PM - DEBUG - Getting Boards
7/27/2022, 11:07:56 PM - INFO - Req was made
7/27/2022, 11:07:57 PM - DEBUG - Getting Boards
7/27/2022, 11:12:13 PM - INFO - Req was made
7/27/2022, 11:12:13 PM - DEBUG - Getting Boards
7/27/2022, 11:12:24 PM - INFO - Req was made
7/27/2022, 11:12:24 PM - DEBUG - Getting Boards
7/27/2022, 11:12:27 PM - INFO - Req was made
7/27/2022, 11:12:27 PM - DEBUG - Getting Boards
7/27/2022, 11:12:37 PM - INFO - Req was made
7/27/2022, 11:12:37 PM - DEBUG - Getting Boards
7/27/2022, 11:20:28 PM - INFO - Req was made
7/27/2022, 11:20:28 PM - DEBUG - Getting Boards
7/27/2022, 11:20:30 PM - INFO - Req was made
7/27/2022, 11:20:30 PM - DEBUG - Getting Boards
7/27/2022, 11:20:57 PM - INFO - Req was made
7/27/2022, 11:20:57 PM - DEBUG - Getting Boards
7/27/2022, 11:21:12 PM - INFO - Req was made
7/27/2022, 11:21:12 PM - DEBUG - Getting Boards
7/27/2022, 11:21:25 PM - INFO - Req was made
7/27/2022, 11:21:25 PM - DEBUG - Getting Boards
7/27/2022, 11:21:31 PM - ERROR - while finding board undefined | {}
7/27/2022, 11:21:31 PM - ERROR - Failed to get board | {}
7/27/2022, 11:21:33 PM - INFO - Req was made
7/27/2022, 11:21:33 PM - DEBUG - Getting Boards
7/27/2022, 11:23:01 PM - INFO - Req was made
7/27/2022, 11:23:01 PM - DEBUG - Getting Boards
7/27/2022, 11:23:03 PM - INFO - Req was made
7/27/2022, 11:23:03 PM - DEBUG - Getting Boards
7/27/2022, 11:23:22 PM - INFO - Req was made
7/27/2022, 11:23:22 PM - DEBUG - Getting Boards
7/27/2022, 11:25:50 PM - INFO - Req was made
7/27/2022, 11:25:50 PM - DEBUG - Getting Boards
7/27/2022, 11:25:50 PM - INFO - Req was made
7/27/2022, 11:25:50 PM - DEBUG - Getting Boards
7/27/2022, 11:28:06 PM - INFO - Req was made
7/27/2022, 11:28:06 PM - DEBUG - Getting Boards
7/27/2022, 11:28:06 PM - INFO - Req was made
7/27/2022, 11:28:06 PM - DEBUG - Getting Boards
7/27/2022, 11:42:51 PM - INFO - Server is running on port: 5173
7/27/2022, 11:44:13 PM - INFO - Req was made
7/27/2022, 11:44:13 PM - DEBUG - Getting Boards
7/27/2022, 11:44:13 PM - INFO - Req was made
7/27/2022, 11:44:13 PM - DEBUG - Getting Boards
7/27/2022, 11:44:25 PM - ERROR - while finding board undefined | {}
7/27/2022, 11:44:25 PM - ERROR - Failed to get board | {}
7/27/2022, 11:44:35 PM - ERROR - while finding board undefined | {}
7/27/2022, 11:44:35 PM - ERROR - Failed to get board | {}
7/27/2022, 11:44:37 PM - INFO - Req was made
7/27/2022, 11:44:37 PM - DEBUG - Getting Boards
7/27/2022, 11:44:39 PM - INFO - Req was made
7/27/2022, 11:44:39 PM - DEBUG - Getting Boards
7/27/2022, 11:44:41 PM - INFO - Req was made
7/27/2022, 11:44:41 PM - DEBUG - Getting Boards
7/27/2022, 11:44:46 PM - ERROR - while finding board undefined | {}
7/27/2022, 11:44:46 PM - ERROR - Failed to get board | {}
7/27/2022, 11:44:48 PM - INFO - Req was made
7/27/2022, 11:44:48 PM - DEBUG - Getting Boards
7/27/2022, 11:44:57 PM - INFO - Req was made
7/27/2022, 11:44:57 PM - DEBUG - Getting Boards
7/27/2022, 11:44:57 PM - INFO - Broadcasting event: something-changed
7/27/2022, 11:44:57 PM - INFO - Emit to all
7/27/2022, 11:45:19 PM - INFO - Req was made
7/27/2022, 11:45:19 PM - DEBUG - Getting Boards
7/27/2022, 11:45:54 PM - ERROR - while finding board undefined | {}
7/27/2022, 11:45:54 PM - ERROR - Failed to get board | {}
7/27/2022, 11:45:56 PM - INFO - Req was made
7/27/2022, 11:45:56 PM - DEBUG - Getting Boards
7/27/2022, 11:46:00 PM - ERROR - while finding board undefined | {}
7/27/2022, 11:46:00 PM - ERROR - Failed to get board | {}
7/27/2022, 11:46:02 PM - INFO - Req was made
7/27/2022, 11:46:02 PM - DEBUG - Getting Boards
7/27/2022, 11:48:03 PM - INFO - Req was made
7/27/2022, 11:48:03 PM - DEBUG - Getting Boards
7/27/2022, 11:48:04 PM - INFO - Req was made
7/27/2022, 11:48:04 PM - DEBUG - Getting Boards
7/27/2022, 11:48:13 PM - ERROR - while finding board undefined | {}
7/27/2022, 11:48:13 PM - ERROR - Failed to get board | {}
7/27/2022, 11:48:16 PM - INFO - Req was made
7/27/2022, 11:48:16 PM - DEBUG - Getting Boards
7/27/2022, 11:48:18 PM - INFO - Req was made
7/27/2022, 11:48:18 PM - DEBUG - Getting Boards
7/27/2022, 11:48:33 PM - INFO - Req was made
7/27/2022, 11:48:33 PM - DEBUG - Getting Boards
7/27/2022, 11:48:33 PM - INFO - Broadcasting event: something-changed
7/27/2022, 11:48:33 PM - INFO - Emit to all
7/27/2022, 11:48:42 PM - ERROR - while finding board undefined | {}
7/27/2022, 11:48:42 PM - ERROR - Failed to get board | {}
7/27/2022, 11:48:43 PM - INFO - Req was made
7/27/2022, 11:48:43 PM - DEBUG - Getting Boards
7/27/2022, 11:48:48 PM - INFO - Req was made
7/27/2022, 11:48:48 PM - DEBUG - Getting Boards
7/27/2022, 11:49:12 PM - INFO - Req was made
7/27/2022, 11:49:12 PM - DEBUG - Getting Boards
7/27/2022, 11:49:12 PM - INFO - Req was made
7/27/2022, 11:49:12 PM - DEBUG - Getting Boards
7/27/2022, 11:49:52 PM - INFO - Req was made
7/27/2022, 11:49:52 PM - DEBUG - Getting Boards
7/27/2022, 11:49:53 PM - INFO - Req was made
7/27/2022, 11:49:53 PM - DEBUG - Getting Boards
7/27/2022, 11:49:59 PM - ERROR - while finding board undefined | {}
7/27/2022, 11:49:59 PM - ERROR - Failed to get board | {}
7/27/2022, 11:50:02 PM - INFO - Req was made
7/27/2022, 11:50:02 PM - DEBUG - Getting Boards
7/27/2022, 11:50:06 PM - INFO - Req was made
7/27/2022, 11:50:06 PM - DEBUG - Getting Boards
7/27/2022, 11:50:12 PM - INFO - Req was made
7/27/2022, 11:50:12 PM - DEBUG - Getting Boards
7/27/2022, 11:50:13 PM - INFO - Broadcasting event: something-changed
7/27/2022, 11:50:13 PM - INFO - Emit to all
7/27/2022, 11:50:19 PM - INFO - Req was made
7/27/2022, 11:50:19 PM - DEBUG - Getting Boards
7/27/2022, 11:50:20 PM - ERROR - while finding board undefined | {}
7/27/2022, 11:50:20 PM - ERROR - Failed to get board | {}
7/27/2022, 11:50:35 PM - INFO - Req was made
7/27/2022, 11:50:35 PM - DEBUG - Getting Boards
7/27/2022, 11:53:51 PM - INFO - Req was made
7/27/2022, 11:53:51 PM - DEBUG - Getting Boards
7/27/2022, 11:53:55 PM - INFO - Req was made
7/27/2022, 11:53:55 PM - DEBUG - Getting Boards
7/27/2022, 11:55:50 PM - INFO - Req was made
7/27/2022, 11:55:50 PM - DEBUG - Getting Boards
7/27/2022, 11:55:53 PM - INFO - Req was made
7/27/2022, 11:55:53 PM - DEBUG - Getting Boards
7/27/2022, 11:56:08 PM - ERROR - while finding board undefined | {}
7/27/2022, 11:56:08 PM - ERROR - Failed to get board | {}
7/27/2022, 11:56:09 PM - ERROR - while finding board undefined | {}
7/27/2022, 11:56:09 PM - ERROR - Failed to get board | {}
7/27/2022, 11:56:15 PM - INFO - Req was made
7/27/2022, 11:56:15 PM - DEBUG - Getting Boards
7/27/2022, 11:56:16 PM - INFO - Req was made
7/27/2022, 11:56:16 PM - DEBUG - Getting Boards
7/27/2022, 11:56:32 PM - INFO - Req was made
7/27/2022, 11:56:32 PM - DEBUG - Getting Boards
7/27/2022, 11:56:33 PM - ERROR - while finding board undefined | {}
7/27/2022, 11:56:33 PM - ERROR - Failed to get board | {}
7/27/2022, 11:56:35 PM - ERROR - while finding board undefined | {}
7/27/2022, 11:56:35 PM - ERROR - Failed to get board | {}
7/27/2022, 11:56:36 PM - INFO - Req was made
7/27/2022, 11:56:36 PM - DEBUG - Getting Boards
7/27/2022, 11:56:38 PM - INFO - Req was made
7/27/2022, 11:56:38 PM - DEBUG - Getting Boards
7/28/2022, 12:13:51 AM - INFO - Server is running on port: 5173
7/28/2022, 12:14:08 AM - INFO - Req was made
7/28/2022, 12:14:08 AM - DEBUG - Getting Boards
7/28/2022, 12:14:09 AM - INFO - Req was made
7/28/2022, 12:14:09 AM - DEBUG - Getting Boards
7/28/2022, 12:29:04 AM - INFO - Req was made
7/28/2022, 12:29:04 AM - DEBUG - Getting Boards
7/28/2022, 12:29:04 AM - INFO - Req was made
7/28/2022, 12:29:04 AM - DEBUG - Getting Boards
7/28/2022, 12:30:59 AM - INFO - Req was made
7/28/2022, 12:30:59 AM - DEBUG - Getting Boards
7/28/2022, 12:33:13 AM - INFO - Server is running on port: 5173
7/28/2022, 12:43:24 AM - INFO - Server is running on port: 5173
7/28/2022, 12:44:13 AM - ERROR - while finding board undefined | {}
7/28/2022, 12:44:13 AM - ERROR - Failed to get board | {}
7/28/2022, 12:44:13 AM - INFO - Req was made
7/28/2022, 12:44:13 AM - DEBUG - Getting Boards
7/28/2022, 12:44:22 AM - INFO - Req was made
7/28/2022, 12:44:22 AM - DEBUG - Getting Boards
7/28/2022, 12:46:36 AM - INFO - Server is running on port: 5173
7/28/2022, 12:48:29 AM - INFO - Server is running on port: 5173
7/28/2022, 12:48:36 AM - INFO - Req was made
7/28/2022, 12:48:36 AM - DEBUG - Getting Boards
7/28/2022, 12:48:48 AM - INFO - Req was made
7/28/2022, 12:48:48 AM - DEBUG - Getting Boards
7/28/2022, 12:48:54 AM - ERROR - while finding board undefined | {}
7/28/2022, 12:48:54 AM - ERROR - Failed to get board | {}
7/28/2022, 12:48:58 AM - INFO - Req was made
7/28/2022, 12:48:58 AM - DEBUG - Getting Boards
7/28/2022, 12:51:09 AM - INFO - Server is running on port: 5173
7/28/2022, 12:55:51 AM - INFO - Server is running on port: 5173
7/28/2022, 12:56:12 AM - ERROR - while finding board undefined | {}
7/28/2022, 12:56:12 AM - ERROR - Failed to get board | {}
7/28/2022, 12:56:13 AM - INFO - Req was made
7/28/2022, 12:56:13 AM - DEBUG - Getting Boards
7/28/2022, 12:56:14 AM - INFO - Req was made
7/28/2022, 12:56:14 AM - DEBUG - Getting Boards
7/28/2022, 12:57:36 AM - ERROR - while finding board undefined | {}
7/28/2022, 12:57:36 AM - ERROR - Failed to get board | {}
7/28/2022, 12:57:38 AM - ERROR - while finding board undefined | {}
7/28/2022, 12:57:38 AM - ERROR - Failed to get board | {}
7/28/2022, 12:57:40 AM - INFO - Req was made
7/28/2022, 12:57:40 AM - DEBUG - Getting Boards
7/28/2022, 12:57:42 AM - INFO - Req was made
7/28/2022, 12:57:42 AM - DEBUG - Getting Boards
7/28/2022, 12:57:51 AM - INFO - Req was made
7/28/2022, 12:57:51 AM - DEBUG - Getting Boards
